<?xml version="1.0" encoding="UTF-8"?>
<!-- Generated by org.testng.reporters.JUnitXMLReporter -->
<testsuite ignored="0" hostname="ZSCHN01LP0391" failures="0" tests="1" name="ModuleTest" time="0.047" errors="0" timestamp="2024-02-02T11:56:52 IST">
  <testcase classname="testScripts.TestTest" name="@BeforeMethod setUp" time="0.004">
    <failure type="java.io.FileNotFoundException" message="C:\Workspace\webdriverSampleZuci\src\test\resources\ConfigFile\config.properties (The system cannot find the path specified)">
      <![CDATA[java.io.FileNotFoundException: C:\Workspace\webdriverSampleZuci\src\test\resources\ConfigFile\config.properties (The system cannot find the path specified)
at java.base/java.io.FileInputStream.open0(Native Method)
at java.base/java.io.FileInputStream.open(FileInputStream.java:216)
at java.base/java.io.FileInputStream.<init>(FileInputStream.java:157)
at java.base/java.io.FileInputStream.<init>(FileInputStream.java:111)
at testScripts.TestTest.setUp(TestTest.java:33)
at java.base/java.util.ArrayList.forEach(ArrayList.java:1511)
... Removed 31 stack frames]]>
    </failure>
  </testcase> <!-- @BeforeMethod setUp -->
  <testcase classname="testScripts.TestTest" name="@AfterMethod end" time="-1.706855212334E9">
    <skipped/>
  </testcase> <!-- @AfterMethod end -->
  <testcase classname="testScripts.TestTest" name="validLogin" time="0.0">
    <skipped/>
  </testcase> <!-- validLogin -->
</testsuite> <!-- ModuleTest -->
